2025-08-12 09:11:00 | WARN | repo=2017-course-sys-int-activemq-seminar | action=pull
2025-11-13 21:11:00 | WARN | repo=2017-course-sys-int-activemq-seminar | action=test | passed=true
2025-12-21 15:08:00 | WARN | repo=2017-course-sys-int-activemq-seminar | action=commit
2025-08-13 08:40:00 | WARN | repo=2017-course-sys-int-activemq-seminar | action=edit | files=1
2025-10-26 07:46:00 | WARN | repo=2017-course-sys-int-activemq-seminar | action=test | passed=true
2025-03-12 07:03:00 | DEBUG | repo=2017-course-sys-int-activemq-seminar | action=commit
2025-05-28 15:16:00 | DEBUG | repo=2017-course-sys-int-activemq-seminar | action=commit
2025-03-24 18:28:00 | DEBUG | repo=2017-course-sys-int-activemq-seminar | action=commit
2025-11-26 17:43:00 | INFO | repo=2017-course-sys-int-activemq-seminar | action=commit
2025-01-07 13:58:00 | WARN | repo=2017-course-sys-int-activemq-seminar | action=commit
2025-12-07 08:47:00 | WARN | repo=2017-course-sys-int-activemq-seminar | action=test | passed=true
2025-07-21 19:31:00 | DEBUG | repo=2017-course-sys-int-activemq-seminar | action=commit
2025-10-14 14:27:00 | INFO | repo=2017-course-sys-int-activemq-seminar | action=commit
2025-06-05 08:30:00 | DEBUG | repo=2017-course-sys-int-activemq-seminar | action=commit
2025-09-20 14:51:00 | INFO | repo=2017-course-sys-int-activemq-seminar | action=commit
2025-02-12 12:52:00 | DEBUG | repo=2017-course-sys-int-activemq-seminar | action=commit
2025-05-03 20:37:00 | WARN | repo=2017-course-sys-int-activemq-seminar | action=edit | files=3
2025-06-03 19:18:00 | WARN | repo=2017-course-sys-int-activemq-seminar | action=commit
2025-09-09 15:23:00 | WARN | repo=2017-course-sys-int-activemq-seminar | action=commit
2025-06-26 13:09:00 | DEBUG | repo=2017-course-sys-int-activemq-seminar | action=test | passed=true
2025-07-24 19:56:00 | INFO | repo=2017-course-sys-int-activemq-seminar | action=pull
2025-10-18 13:25:00 | DEBUG | repo=2017-course-sys-int-activemq-seminar | action=edit | files=3
2025-04-09 19:53:00 | DEBUG | repo=2017-course-sys-int-activemq-seminar | action=commit
2025-05-14 10:42:00 | DEBUG | repo=2017-course-sys-int-activemq-seminar | action=commit
2025-05-06 12:49:00 | DEBUG | repo=2017-course-sys-int-activemq-seminar | action=commit
2025-01-07 16:58:00 | INFO | repo=2017-course-sys-int-activemq-seminar | action=commit
